\BOOKMARK [1][-]{section.1}{\376\377\000I\000n\000t\000r\000o\000d\000u\000c\000t\000i\000o\000n}{}% 1
\BOOKMARK [2][-]{subsection.1.1}{\376\377\000B\000a\000c\000k\000g\000r\000o\000u\000n\000d}{section.1}% 2
\BOOKMARK [2][-]{subsection.1.2}{\376\377\000P\000r\000o\000j\000e\000c\000t\000\040\000A\000i\000m}{section.1}% 3
\BOOKMARK [2][-]{subsection.1.3}{\376\377\000O\000b\000j\000e\000c\000t\000i\000v\000e\000s}{section.1}% 4
\BOOKMARK [2][-]{subsection.1.4}{\376\377\000R\000e\000p\000o\000r\000t\000\040\000F\000o\000r\000m\000a\000t}{section.1}% 5
\BOOKMARK [1][-]{section.2}{\376\377\000L\000i\000t\000e\000r\000a\000t\000u\000r\000e\000\040\000R\000e\000v\000i\000e\000w}{}% 6
\BOOKMARK [2][-]{subsection.2.1}{\376\377\000T\000h\000e\000\040\000C\000h\000i\000n\000e\000s\000e\000\040\000W\000a\000l\000l\000\040\000P\000o\000l\000i\000c\000y}{section.2}% 7
\BOOKMARK [3][-]{subsubsection.2.1.1}{\376\377\000T\000h\000e\000\040\000B\000r\000e\000w\000e\000r\000-\000N\000a\000s\000h\000\040\000M\000o\000d\000e\000l}{subsection.2.1}% 8
\BOOKMARK [3][-]{subsubsection.2.1.2}{\376\377\000I\000n\000t\000r\000i\000c\000a\000c\000i\000e\000s\000\040\000o\000f\000\040\000t\000h\000e\000\040\000C\000h\000i\000n\000e\000s\000e\000\040\000W\000a\000l\000l}{subsection.2.1}% 9
\BOOKMARK [2][-]{subsection.2.2}{\376\377\000C\000h\000i\000n\000e\000s\000e\000\040\000W\000a\000l\000l\000s\000\040\000i\000n\000\040\000A\000d\000j\000a\000c\000e\000n\000t\000\040\000S\000y\000s\000t\000e\000m\000s}{section.2}% 10
\BOOKMARK [3][-]{subsubsection.2.2.1}{\376\377\000F\000o\000l\000e\000y\000'\000s\000\040\000U\000n\000i\000x\000\040\000M\000o\000d\000e\000l}{subsection.2.2}% 11
\BOOKMARK [3][-]{subsubsection.2.2.2}{\376\377\000C\000l\000o\000u\000d\000\040\000C\000o\000m\000p\000u\000t\000i\000n\000g}{subsection.2.2}% 12
\BOOKMARK [3][-]{subsubsection.2.2.3}{\376\377\000W\000o\000r\000k\000f\000l\000o\000w\000\040\000M\000a\000n\000a\000g\000e\000m\000e\000n\000t}{subsection.2.2}% 13
\BOOKMARK [3][-]{subsubsection.2.2.4}{\376\377\000F\000i\000n\000a\000n\000c\000i\000a\000l\000\040\000I\000n\000s\000t\000i\000t\000u\000t\000i\000o\000n\000s}{subsection.2.2}% 14
\BOOKMARK [2][-]{subsection.2.3}{\376\377\000S\000e\000c\000u\000r\000i\000t\000y\000-\000E\000n\000h\000a\000n\000c\000e\000d\000\040\000L\000i\000n\000u\000x}{section.2}% 15
\BOOKMARK [3][-]{subsubsection.2.3.1}{\376\377\000M\000a\000n\000d\000a\000t\000o\000r\000y\000\040\000A\000c\000c\000e\000s\000s\000\040\000C\000o\000n\000t\000r\000o\000l\000\040\000S\000y\000s\000t\000e\000m}{subsection.2.3}% 16
\BOOKMARK [3][-]{subsubsection.2.3.2}{\376\377\000S\000e\000c\000u\000r\000i\000t\000y\000\040\000A\000r\000c\000h\000i\000t\000e\000c\000t\000u\000r\000e}{subsection.2.3}% 17
\BOOKMARK [3][-]{subsubsection.2.3.3}{\376\377\000P\000o\000l\000i\000c\000y\000\040\000M\000o\000d\000u\000l\000e\000\040\000S\000y\000s\000t\000e\000m}{subsection.2.3}% 18
\BOOKMARK [3][-]{subsubsection.2.3.4}{\376\377\000M\000L\000S\000\040\000I\000n\000\040\000S\000E\000L\000i\000n\000u\000x}{subsection.2.3}% 19
\BOOKMARK [2][-]{subsection.2.4}{\376\377\000O\000r\000i\000g\000i\000n\000\040\000a\000n\000d\000\040\000R\000o\000l\000e\000\040\000o\000f\000\040\000S\000e\000c\000u\000r\000i\000t\000y\000-\000E\000n\000h\000a\000n\000c\000e\000d\000\040\000L\000i\000n\000u\000x}{section.2}% 20
\BOOKMARK [3][-]{subsubsection.2.4.1}{\376\377\000T\000h\000e\000\040\000N\000S\000A\000'\000s\000\040\000C\000r\000e\000a\000t\000i\000o\000n\000\040\000o\000f\000\040\000S\000E\000L\000i\000n\000u\000x}{subsection.2.4}% 21
\BOOKMARK [3][-]{subsubsection.2.4.2}{\376\377\000I\000n\000c\000l\000u\000s\000i\000o\000n\000\040\000o\000f\000\040\000S\000E\000L\000i\000n\000u\000x\000\040\000i\000n\000\040\000t\000h\000e\000\040\000m\000a\000i\000n\000l\000i\000n\000e\000\040\000L\000i\000n\000u\000x\000\040\000k\000e\000r\000n\000e\000l}{subsection.2.4}% 22
\BOOKMARK [3][-]{subsubsection.2.4.3}{\376\377\000R\000e\000d\000\040\000H\000a\000t\000\040\000E\000n\000t\000e\000r\000p\000r\000i\000s\000e\000\040\000L\000i\000n\000u\000x}{subsection.2.4}% 23
\BOOKMARK [1][-]{section.3}{\376\377\000S\000p\000e\000c\000i\000f\000i\000c\000a\000t\000i\000o\000n}{}% 24
\BOOKMARK [2][-]{subsection.3.1}{\376\377\000M\000e\000t\000h\000o\000d\000o\000l\000o\000g\000y}{section.3}% 25
\BOOKMARK [3][-]{subsubsection.3.1.1}{\376\377\000A\000g\000i\000l\000e}{subsection.3.1}% 26
\BOOKMARK [3][-]{subsubsection.3.1.2}{\376\377\000W\000a\000t\000e\000r\000f\000a\000l\000l}{subsection.3.1}% 27
\BOOKMARK [2][-]{subsection.3.2}{\376\377\000P\000r\000o\000j\000e\000c\000t\000\040\000S\000t\000a\000g\000e\000s}{section.3}% 28
\BOOKMARK [3][-]{subsubsection.3.2.1}{\376\377\000U\000n\000d\000e\000r\000s\000t\000a\000n\000d\000i\000n\000g\000\040\000S\000E\000L\000i\000n\000u\000x\000\040\000\046\000\040\000B\000r\000e\000w\000e\000r\000-\000N\000a\000s\000h}{subsection.3.2}% 29
\BOOKMARK [3][-]{subsubsection.3.2.2}{\376\377\000S\000t\000a\000t\000i\000c\000\040\000C\000h\000i\000n\000e\000s\000e\000\040\000W\000a\000l\000l}{subsection.3.2}% 30
\BOOKMARK [3][-]{subsubsection.3.2.3}{\376\377\000D\000y\000n\000a\000m\000i\000c\000\040\000C\000h\000i\000n\000e\000s\000e\000\040\000W\000a\000l\000l}{subsection.3.2}% 31
\BOOKMARK [3][-]{subsubsection.3.2.4}{\376\377\000T\000e\000s\000t\000i\000n\000g\000\040\000\046\000\040\000E\000v\000a\000l\000u\000a\000t\000i\000o\000n}{subsection.3.2}% 32
\BOOKMARK [2][-]{subsection.3.3}{\376\377\000A\000n\000a\000l\000y\000s\000i\000s}{section.3}% 33
\BOOKMARK [2][-]{subsection.3.4}{\376\377\000R\000e\000q\000u\000i\000r\000e\000m\000e\000n\000t\000s}{section.3}% 34
\BOOKMARK [1][-]{section.4}{\376\377\000D\000e\000s\000i\000g\000n}{}% 35
\BOOKMARK [2][-]{subsection.4.1}{\376\377\000V\000i\000r\000t\000u\000a\000l\000\040\000S\000E\000L\000i\000n\000u\000x\000\040\000E\000n\000v\000i\000r\000o\000n\000m\000e\000n\000t}{section.4}% 36
\BOOKMARK [2][-]{subsection.4.2}{\376\377\000P\000o\000l\000i\000c\000y\000\040\000D\000e\000s\000i\000g\000n}{section.4}% 37
\BOOKMARK [3][-]{subsubsection.4.2.1}{\376\377\000O\000b\000j\000e\000c\000t\000\040\000P\000o\000l\000i\000c\000y\000\040\000M\000o\000d\000u\000l\000e\000s}{subsection.4.2}% 38
\BOOKMARK [3][-]{subsubsection.4.2.2}{\376\377\000S\000u\000b\000j\000e\000c\000t\000\040\000P\000o\000l\000i\000c\000y\000\040\000M\000o\000d\000u\000l\000e\000s}{subsection.4.2}% 39
\BOOKMARK [3][-]{subsubsection.4.2.3}{\376\377\000c\000w\000a\000l\000l\000d\000\040\000P\000o\000l\000i\000c\000y\000\040\000M\000o\000d\000u\000l\000e}{subsection.4.2}% 40
\BOOKMARK [2][-]{subsection.4.3}{\376\377\000S\000y\000s\000t\000e\000m\000\040\000D\000e\000s\000i\000g\000n}{section.4}% 41
\BOOKMARK [3][-]{subsubsection.4.3.1}{\376\377\000T\000a\000i\000l\000i\000n\000g\000\040\000t\000h\000e\000\040\000A\000u\000d\000i\000t\000\040\000D\000a\000e\000m\000o\000n}{subsection.4.3}% 42
\BOOKMARK [3][-]{subsubsection.4.3.2}{\376\377\000S\000u\000b\000j\000e\000c\000t\000\040\000L\000a\000b\000e\000l\000\040\000A\000l\000t\000e\000r\000a\000t\000i\000o\000n\000\040\000a\000t\000\040\000R\000u\000n\000t\000i\000m\000e}{subsection.4.3}% 43
\BOOKMARK [3][-]{subsubsection.4.3.3}{\376\377\000F\000l\000o\000w\000c\000h\000a\000r\000t}{subsection.4.3}% 44
\BOOKMARK [3][-]{subsubsection.4.3.4}{\376\377\000U\000M\000L\000\040\000D\000i\000a\000g\000r\000a\000m}{subsection.4.3}% 45
\BOOKMARK [2][-]{subsection.4.4}{\376\377\000A\000s\000s\000i\000s\000t\000i\000n\000g\000\040\000B\000i\000n\000a\000r\000i\000e\000s}{section.4}% 46
\BOOKMARK [3][-]{subsubsection.4.4.1}{\376\377\000c\000w\000a\000l\000l\000d\000-\000i\000n\000i\000t}{subsection.4.4}% 47
\BOOKMARK [3][-]{subsubsection.4.4.2}{\376\377\000c\000w\000a\000l\000l\000d\000-\000t\000a\000i\000l}{subsection.4.4}% 48
\BOOKMARK [1][-]{section.5}{\376\377\000I\000m\000p\000l\000e\000m\000e\000n\000t\000a\000t\000i\000o\000n}{}% 49
\BOOKMARK [2][-]{subsection.5.1}{\376\377\000T\000e\000c\000h\000n\000o\000l\000o\000g\000y\000\040\000S\000e\000l\000e\000c\000t\000i\000o\000n}{section.5}% 50
\BOOKMARK [3][-]{subsubsection.5.1.1}{\376\377\000L\000a\000n\000g\000u\000a\000g\000e}{subsection.5.1}% 51
\BOOKMARK [3][-]{subsubsection.5.1.2}{\376\377\000P\000a\000c\000k\000a\000g\000e\000s}{subsection.5.1}% 52
\BOOKMARK [2][-]{subsection.5.2}{\376\377\000V\000e\000r\000s\000i\000o\000n\000\040\000C\000o\000n\000t\000r\000o\000l}{section.5}% 53
\BOOKMARK [2][-]{subsection.5.3}{\376\377\000P\000o\000l\000i\000c\000y\000\040\000M\000o\000d\000u\000l\000e\000s}{section.5}% 54
\BOOKMARK [2][-]{subsection.5.4}{\376\377\000I\000n\000t\000e\000r\000n\000a\000l\000\040\000P\000a\000c\000k\000a\000g\000e\000s}{section.5}% 55
\BOOKMARK [1][-]{section.6}{\376\377\000V\000e\000r\000i\000f\000i\000c\000a\000t\000i\000o\000n\000\040\000\046\000\040\000V\000a\000l\000i\000d\000a\000t\000i\000o\000n}{}% 56
\BOOKMARK [2][-]{subsection.6.1}{\376\377\000T\000e\000s\000t\000i\000n\000g\000\040\000S\000u\000i\000t\000e}{section.6}% 57
\BOOKMARK [2][-]{subsection.6.2}{\376\377\000T\000e\000s\000t\000i\000n\000g\000\040\000C\000o\000n\000s\000t\000r\000a\000i\000n\000t\000s}{section.6}% 58
\BOOKMARK [1][-]{section.7}{\376\377\000R\000e\000s\000u\000l\000t\000s\000\040\000\046\000\040\000E\000v\000a\000l\000u\000a\000t\000i\000o\000n}{}% 59
\BOOKMARK [2][-]{subsection.7.1}{\376\377\000E\000v\000a\000l\000u\000a\000t\000i\000o\000n\000\040\000P\000r\000o\000c\000e\000s\000s}{section.7}% 60
\BOOKMARK [2][-]{subsection.7.2}{\376\377\000R\000e\000s\000u\000l\000t\000s\000\040\000o\000f\000\040\000E\000v\000a\000l\000u\000a\000t\000i\000o\000n}{section.7}% 61
\BOOKMARK [2][-]{subsection.7.3}{\376\377\000R\000e\000t\000u\000r\000n\000i\000n\000g\000\040\000t\000o\000\040\000t\000h\000e\000\040\000R\000e\000s\000e\000a\000r\000c\000h\000\040\000Q\000u\000e\000s\000t\000i\000o\000n\000s}{section.7}% 62
\BOOKMARK [3][-]{subsubsection.7.3.1}{\376\377\000R\000Q\0001}{subsection.7.3}% 63
\BOOKMARK [3][-]{subsubsection.7.3.2}{\376\377\000R\000Q\0002}{subsection.7.3}% 64
\BOOKMARK [3][-]{subsubsection.7.3.3}{\376\377\000O\000b\000j\000e\000c\000t\000i\000v\000e\000\040\0001}{subsection.7.3}% 65
\BOOKMARK [3][-]{subsubsection.7.3.4}{\376\377\000O\000b\000j\000e\000c\000t\000i\000v\000e\000\040\0002}{subsection.7.3}% 66
\BOOKMARK [1][-]{section.8}{\376\377\000D\000i\000s\000c\000u\000s\000s\000i\000o\000n\000\040\000\046\000\040\000R\000e\000f\000l\000e\000c\000t\000i\000o\000n}{}% 67
\BOOKMARK [2][-]{subsection.8.1}{\376\377\000I\000n\000t\000e\000r\000p\000r\000e\000t\000i\000n\000g\000\040\000t\000h\000e\000\040\000R\000e\000s\000u\000l\000t\000s}{section.8}% 68
\BOOKMARK [2][-]{subsection.8.2}{\376\377\000R\000e\000f\000l\000e\000c\000t\000i\000o\000n}{section.8}% 69
\BOOKMARK [2][-]{subsection.8.3}{\376\377\000C\000h\000a\000l\000l\000e\000n\000g\000e\000s}{section.8}% 70
\BOOKMARK [2][-]{subsection.8.4}{\376\377\000L\000i\000m\000i\000t\000a\000t\000i\000o\000n\000s}{section.8}% 71
\BOOKMARK [2][-]{subsection.8.5}{\376\377\000F\000u\000t\000u\000r\000e\000\040\000W\000o\000r\000k}{section.8}% 72
\BOOKMARK [1][-]{section.9}{\376\377\000C\000o\000n\000c\000l\000u\000s\000i\000o\000n}{}% 73
\BOOKMARK [1][-]{appendix.A}{\376\377\000A\000p\000p\000e\000n\000d\000i\000x}{}% 74
\BOOKMARK [2][-]{subsection.A.1}{\376\377\000c\000w\000a\000l\000l\000d\000\040\000d\000e\000s\000i\000g\000n}{appendix.A}% 75
\BOOKMARK [2][-]{subsection.A.2}{\376\377\000P\000o\000l\000i\000c\000y\000\040\000M\000o\000d\000u\000l\000e\000s}{appendix.A}% 76
\BOOKMARK [2][-]{subsection.A.3}{\376\377\000R\000e\000d\000\040\000H\000a\000t}{appendix.A}% 77
\BOOKMARK [2][-]{subsection.A.4}{\376\377\000A\000u\000d\000i\000t\000d\000\040\000l\000o\000g\000s}{appendix.A}% 78
